d:\dragos\work\faculty\flcd\lab2\lab2\x64\debug\vc143.pdb
d:\dragos\work\faculty\flcd\lab2\lab2\x64\debug\vc143.idb
d:\dragos\work\faculty\flcd\lab2\lab2\x64\debug\symboltable.obj
d:\dragos\work\faculty\flcd\lab2\lab2\x64\debug\scanner.obj
d:\dragos\work\faculty\flcd\lab2\lab2\x64\debug\pif.obj
d:\dragos\work\faculty\flcd\lab2\lab2\x64\debug\main.obj
d:\dragos\work\faculty\flcd\lab2\lab2\x64\debug\transition.obj
d:\dragos\work\faculty\flcd\lab2\lab2\x64\debug\fa.obj
d:\dragos\work\faculty\flcd\lab2\lab2\x64\debug\production.obj
d:\dragos\work\faculty\flcd\lab2\lab2\x64\debug\grammar.obj
d:\dragos\work\faculty\flcd\lab2\x64\debug\lab2.exe
d:\dragos\work\faculty\flcd\lab2\lab2\x64\debug\lab2.ilk
d:\dragos\work\faculty\flcd\lab2\x64\debug\lab2.pdb
d:\dragos\work\faculty\flcd\lab2\lab2\x64\debug\lab2.tlog\cl.command.1.tlog
d:\dragos\work\faculty\flcd\lab2\lab2\x64\debug\lab2.tlog\cl.read.1.tlog
d:\dragos\work\faculty\flcd\lab2\lab2\x64\debug\lab2.tlog\cl.write.1.tlog
d:\dragos\work\faculty\flcd\lab2\lab2\x64\debug\lab2.tlog\link-cvtres.read.1.tlog
d:\dragos\work\faculty\flcd\lab2\lab2\x64\debug\lab2.tlog\link-cvtres.write.1.tlog
d:\dragos\work\faculty\flcd\lab2\lab2\x64\debug\lab2.tlog\link-rc.read.1.tlog
d:\dragos\work\faculty\flcd\lab2\lab2\x64\debug\lab2.tlog\link-rc.write.1.tlog
d:\dragos\work\faculty\flcd\lab2\lab2\x64\debug\lab2.tlog\link.59760-cvtres.read.1.tlog
d:\dragos\work\faculty\flcd\lab2\lab2\x64\debug\lab2.tlog\link.59760-cvtres.write.1.tlog
d:\dragos\work\faculty\flcd\lab2\lab2\x64\debug\lab2.tlog\link.59760-rc.read.1.tlog
d:\dragos\work\faculty\flcd\lab2\lab2\x64\debug\lab2.tlog\link.59760-rc.write.1.tlog
d:\dragos\work\faculty\flcd\lab2\lab2\x64\debug\lab2.tlog\link.59760.read.1.tlog
d:\dragos\work\faculty\flcd\lab2\lab2\x64\debug\lab2.tlog\link.59760.read.2.tlog
d:\dragos\work\faculty\flcd\lab2\lab2\x64\debug\lab2.tlog\link.59760.write.1.tlog
d:\dragos\work\faculty\flcd\lab2\lab2\x64\debug\lab2.tlog\link.command.1.tlog
d:\dragos\work\faculty\flcd\lab2\lab2\x64\debug\lab2.tlog\link.read.1.tlog
d:\dragos\work\faculty\flcd\lab2\lab2\x64\debug\lab2.tlog\link.read.2.tlog
d:\dragos\work\faculty\flcd\lab2\lab2\x64\debug\lab2.tlog\link.read.3.tlog
d:\dragos\work\faculty\flcd\lab2\lab2\x64\debug\lab2.tlog\link.write.1.tlog
